<?xml version="1.0" encoding="UTF-8"?>
<!-- Generated by org.testng.reporters.JUnitXMLReporter -->
<testsuite ignored="0" hostname="DESKTOP-0T3LLVM" failures="0" tests="3" name="TestNGProject" time="15.267" errors="0" timestamp="2023-02-07T22:10:41 EST">
  <testcase classname="test.LoginTest" name="validAdminLogin" time="1.375"/>
  <testcase classname="test.LoginTest" name="validUserAnEmptyPassword" time="0.302"/>
  <testcase classname="test.LoginTest" name="validUserInvalidPassword" time="1.333"/>
</testsuite> <!-- TestNGProject -->
