<?xml version="1.0" encoding="UTF-8"?>
<!-- Generated by org.testng.reporters.JUnitXMLReporter -->
<testsuite ignored="0" hostname="DESKTOP-0T3LLVM" failures="0" tests="5" name="TestNGProject" time="70.093" errors="0" timestamp="2023-02-15T22:13:46 EST">
  <testcase classname="com.exelenter.class05._02_HW_AddEmployee" name="addEmployeeTest" time="12.218"/>
  <testcase classname="com.exelenter.class05._02_HW_AddEmployee" name="addEmployeeTest" time="8.573"/>
  <testcase classname="com.exelenter.class05._02_HW_AddEmployee" name="addEmployeeTest" time="8.595"/>
  <testcase classname="com.exelenter.class05._02_HW_AddEmployee" name="addEmployeeTest" time="12.539"/>
  <testcase classname="com.exelenter.class05._02_HW_AddEmployee" name="addEmployeeTest" time="8.834"/>
</testsuite> <!-- TestNGProject -->
