<?xml version="1.0" encoding="UTF-8"?>
<!-- Generated by org.testng.reporters.JUnitXMLReporter -->
<testsuite ignored="0" hostname="DESKTOP-0T3LLVM" failures="0" tests="3" name="Login Test" time="13.359" errors="0" timestamp="2023-02-09T22:01:46 EST">
  <testcase classname="test.LoginTest" name="validAdminLogin" time="1.283"/>
  <testcase classname="test.LoginTest" name="validUserInvalidPassword" time="0.992"/>
  <testcase classname="test.LoginTest" name="validUserAnEmptyPassword" time="0.3"/>
</testsuite> <!-- Login Test -->
