<?xml version="1.0" encoding="UTF-8"?>
<!-- Generated by org.testng.reporters.JUnitXMLReporter -->
<testsuite ignored="2" hostname="DESKTOP-0T3LLVM" failures="0" tests="2" name="Regression Test" time="0.052" errors="0" timestamp="2023-02-10T20:57:34 EST">
  <testcase classname="com.exelenter.class4._01_GroupsDemo" name="test3" time="0.009"/>
  <testcase classname="com.exelenter.class4._01_GroupsDemo" name="test4" time="0.001"/>
  <testcase classname="com.exelenter.class4._01_GroupsDemo" name="test2" time="0.0">
    <ignored/>
  </testcase> <!-- test2 -->
  <testcase classname="com.exelenter.class4._01_GroupsDemo" name="test1" time="0.0">
    <ignored/>
  </testcase> <!-- test1 -->
</testsuite> <!-- Regression Test -->
