<?xml version="1.0" encoding="UTF-8"?>
<!-- Generated by org.testng.reporters.JUnitXMLReporter -->
<testsuite ignored="0" hostname="DESKTOP-0T3LLVM" failures="0" tests="3" name="Login Test" time="14.688" errors="0" timestamp="2023-02-09T21:57:40 EST">
  <testcase classname="test.LoginTest" name="validAdminLogin" time="1.314"/>
  <testcase classname="test.LoginTest" name="validUserInvalidPassword" time="0.989"/>
  <testcase classname="test.LoginTest" name="validUserAnEmptyPassword" time="0.294"/>
</testsuite> <!-- Login Test -->
