<?xml version="1.0" encoding="UTF-8"?>
<!-- Generated by org.testng.reporters.JUnitXMLReporter -->
<testsuite ignored="0" hostname="DESKTOP-0T3LLVM" failures="0" tests="5" name="Read From Excel Test" time="71.861" errors="0" timestamp="2023-02-17T22:41:26 EST">
  <testcase classname="com.exelenter.class05._02_HW_AddEmployeeFromExcel" name="addEmployeeTest" time="9.357"/>
  <testcase classname="com.exelenter.class05._02_HW_AddEmployeeFromExcel" name="addEmployeeTest" time="9.855"/>
  <testcase classname="com.exelenter.class05._02_HW_AddEmployeeFromExcel" name="addEmployeeTest" time="9.008"/>
  <testcase classname="com.exelenter.class05._02_HW_AddEmployeeFromExcel" name="addEmployeeTest" time="12.059"/>
  <testcase classname="com.exelenter.class05._02_HW_AddEmployeeFromExcel" name="addEmployeeTest" time="8.828"/>
</testsuite> <!-- Read From Excel Test -->
