<?xml version="1.0" encoding="UTF-8"?>
<!-- Generated by org.testng.reporters.JUnitXMLReporter -->
<testsuite ignored="0" hostname="DESKTOP-0T3LLVM" failures="1" tests="2" name="Listener Test" time="0.084" errors="0" timestamp="2023-02-15T20:53:05 EST">
  <testcase classname="com.exelenter.class05._01_ListenerDemo" name="test1" time="0.006"/>
  <testcase classname="com.exelenter.class05._01_ListenerDemo" name="test2" time="0.004">
    <failure type="java.lang.AssertionError" message="null">
      <![CDATA[java.lang.AssertionError: null
at com.exelenter.class05._01_ListenerDemo.test2(_01_ListenerDemo.java:20)
at java.base/java.util.ArrayList.forEach(ArrayList.java:1511)
at com.intellij.rt.testng.IDEARemoteTestNG.run(IDEARemoteTestNG.java:66)
at com.intellij.rt.testng.RemoteTestNGStarter.main(RemoteTestNGStarter.java:109)
... Removed 24 stack frames]]>
    </failure>
  </testcase> <!-- test2 -->
</testsuite> <!-- Listener Test -->
