<?xml version="1.0" encoding="UTF-8"?>
<testng-results ignored="0" total="3" passed="3" failed="0" skipped="0">
  <reporter-output>
  </reporter-output>
  <suite started-at="2023-02-13T22:05:25 EST" name="Default Suite" finished-at="2023-02-13T22:05:41 EST" duration-ms="15887">
    <groups>
    </groups>
    <test started-at="2023-02-13T22:05:25 EST" name="TestNGProject" finished-at="2023-02-13T22:05:41 EST" duration-ms="15887">
      <class name="com.exelenter.class4._04_DataProviderDemo3">
        <test-method is-config="true" signature="setUp()[pri:0, instance:com.exelenter.class4._04_DataProviderDemo3@5762806e]" started-at="2023-02-13T22:05:25 EST" name="setUp" finished-at="2023-02-13T22:05:28 EST" duration-ms="2593" status="PASS">
          <reporter-output>
          </reporter-output>
        </test-method> <!-- setUp -->
        <test-method signature="loginTest(java.lang.String, java.lang.String, int)[pri:0, instance:com.exelenter.class4._04_DataProviderDemo3@5762806e]" started-at="2023-02-13T22:05:28 EST" name="loginTest" data-provider="dataProviderMethod" finished-at="2023-02-13T22:05:29 EST" duration-ms="1297" status="PASS">
          <params>
            <param index="0">
              <value>
                <![CDATA[Admin]]>
              </value>
            </param>
            <param index="1">
              <value>
                <![CDATA[Exelent2022Sdet!]]>
              </value>
            </param>
            <param index="2">
              <value>
                <![CDATA[25]]>
              </value>
            </param>
          </params>
          <reporter-output>
          </reporter-output>
        </test-method> <!-- loginTest -->
        <test-method is-config="true" signature="tearDown()[pri:0, instance:com.exelenter.class4._04_DataProviderDemo3@5762806e]" started-at="2023-02-13T22:05:29 EST" name="tearDown" finished-at="2023-02-13T22:05:31 EST" duration-ms="2190" status="PASS">
          <reporter-output>
          </reporter-output>
        </test-method> <!-- tearDown -->
        <test-method is-config="true" signature="setUp()[pri:0, instance:com.exelenter.class4._04_DataProviderDemo3@5762806e]" started-at="2023-02-13T22:05:31 EST" name="setUp" finished-at="2023-02-13T22:05:33 EST" duration-ms="1414" status="PASS">
          <reporter-output>
          </reporter-output>
        </test-method> <!-- setUp -->
        <test-method signature="loginTest(java.lang.String, java.lang.String, int)[pri:0, instance:com.exelenter.class4._04_DataProviderDemo3@5762806e]" started-at="2023-02-13T22:05:33 EST" name="loginTest" data-provider="dataProviderMethod" finished-at="2023-02-13T22:05:34 EST" duration-ms="1303" status="PASS">
          <params>
            <param index="0">
              <value>
                <![CDATA[johndoe]]>
              </value>
            </param>
            <param index="1">
              <value>
                <![CDATA[k#G886@H]]>
              </value>
            </param>
            <param index="2">
              <value>
                <![CDATA[35]]>
              </value>
            </param>
          </params>
          <reporter-output>
          </reporter-output>
        </test-method> <!-- loginTest -->
        <test-method is-config="true" signature="tearDown()[pri:0, instance:com.exelenter.class4._04_DataProviderDemo3@5762806e]" started-at="2023-02-13T22:05:34 EST" name="tearDown" finished-at="2023-02-13T22:05:36 EST" duration-ms="2185" status="PASS">
          <reporter-output>
          </reporter-output>
        </test-method> <!-- tearDown -->
        <test-method is-config="true" signature="setUp()[pri:0, instance:com.exelenter.class4._04_DataProviderDemo3@5762806e]" started-at="2023-02-13T22:05:36 EST" name="setUp" finished-at="2023-02-13T22:05:38 EST" duration-ms="1314" status="PASS">
          <reporter-output>
          </reporter-output>
        </test-method> <!-- setUp -->
        <test-method signature="loginTest(java.lang.String, java.lang.String, int)[pri:0, instance:com.exelenter.class4._04_DataProviderDemo3@5762806e]" started-at="2023-02-13T22:05:38 EST" name="loginTest" data-provider="dataProviderMethod" finished-at="2023-02-13T22:05:39 EST" duration-ms="1391" status="PASS">
          <params>
            <param index="0">
              <value>
                <![CDATA[EssUser]]>
              </value>
            </param>
            <param index="1">
              <value>
                <![CDATA[Ess@2023]]>
              </value>
            </param>
            <param index="2">
              <value>
                <![CDATA[45]]>
              </value>
            </param>
          </params>
          <reporter-output>
          </reporter-output>
        </test-method> <!-- loginTest -->
        <test-method is-config="true" signature="tearDown()[pri:0, instance:com.exelenter.class4._04_DataProviderDemo3@5762806e]" started-at="2023-02-13T22:05:39 EST" name="tearDown" finished-at="2023-02-13T22:05:41 EST" duration-ms="2153" status="PASS">
          <reporter-output>
          </reporter-output>
        </test-method> <!-- tearDown -->
      </class> <!-- com.exelenter.class4._04_DataProviderDemo3 -->
    </test> <!-- TestNGProject -->
  </suite> <!-- Default Suite -->
</testng-results>
