<?xml version="1.0" encoding="UTF-8"?>
<testng-results ignored="0" total="1" passed="1" failed="0" skipped="0">
  <reporter-output>
  </reporter-output>
  <suite started-at="2023-02-10T21:48:35 EST" name="Default Suite" finished-at="2023-02-10T21:48:35 EST" duration-ms="79">
    <groups>
    </groups>
    <test started-at="2023-02-10T21:48:35 EST" name="TestNGProject" finished-at="2023-02-10T21:48:35 EST" duration-ms="79">
      <class name="com.exelenter.class4._02_DataProvider">
        <test-method signature="printData()[pri:0, instance:com.exelenter.class4._02_DataProvider@351d0846]" started-at="2023-02-10T21:48:35 EST" name="printData" finished-at="2023-02-10T21:48:35 EST" duration-ms="6" status="PASS">
          <reporter-output>
          </reporter-output>
        </test-method> <!-- printData -->
      </class> <!-- com.exelenter.class4._02_DataProvider -->
    </test> <!-- TestNGProject -->
  </suite> <!-- Default Suite -->
</testng-results>
