<?xml version="1.0" encoding="UTF-8"?>
<!-- Generated by org.testng.reporters.JUnitXMLReporter -->
<testsuite ignored="2" hostname="DESKTOP-0T3LLVM" failures="0" tests="2" name="Group Test" time="0.048" errors="0" timestamp="2023-02-10T20:55:42 EST">
  <testcase classname="com.exelenter.class4._01_GroupsDemo" name="test2" time="0.006"/>
  <testcase classname="com.exelenter.class4._01_GroupsDemo" name="test4" time="0.001"/>
  <testcase classname="com.exelenter.class4._01_GroupsDemo" name="test3" time="0.0">
    <ignored/>
  </testcase> <!-- test3 -->
  <testcase classname="com.exelenter.class4._01_GroupsDemo" name="test1" time="0.0">
    <ignored/>
  </testcase> <!-- test1 -->
</testsuite> <!-- Group Test -->
